This is pdfTeX, Version 3.141592653-2.6-1.40.26 (MiKTeX 24.3) (preloaded format=pdflatex 2024.3.26)  2 APR 2024 23:25
entering extended mode
 restricted \write18 enabled.
 file:line:error style messages enabled.
 %&-line parsing enabled.
**f:/CodeProject/LaTex/LuanVanPThanh/in.tex
(f:/CodeProject/LaTex/LuanVanPThanh/in.tex
LaTeX2e <2023-11-01> patch level 1
L3 programming layer <2024-03-14>
(F:\MiTex\tex/latex/subfiles\subfiles.cls
Document Class: subfiles 2020/11/14 v2.2 Multi-file projects (class)
Preamble taken from file `../the.tex'
(F:\MiTex\tex/latex/import\import.sty
Package: import 2020/04/01  v 6.2
)

! LaTeX Error: File `../the.tex' not found.

Type X to quit or <RETURN> to proceed,
or enter new name. (Default extension: tex)

Enter file name: 
F:\MiTex\tex/latex/subfiles\subfiles.cls:45: Emergency stop.
<read *> 
         
l.45 \input{\preamble@file}
                           ^^M
*** (cannot \read from terminal in nonstop modes)

 
Here is how much of TeX's memory you used:
 76 strings out of 474424
 1573 string characters out of 5758623
 1925496 words of memory out of 5000000
 22514 multiletter control sequences out of 15000+600000
 558069 words of font info for 36 fonts, out of 8000000 for 9000
 1141 hyphenation exceptions out of 8191
 42i,0n,55p,175b,18s stack positions out of 10000i,1000n,20000p,200000b,200000s
F:\MiTex\tex/latex/subfiles\subfiles.cls:45:  ==> Fatal error occurred, no output PDF file produced!
