INFO:  latexindent.pl version 3.24, 2024-04-28, a script to indent .tex files
       latexindent.pl lives here: D:/LaTex/scripts/latexindent/
       Thu Jun  6 16:46:32 2024
       Filename: d:/Thanh/LaTex/LuanVanPThanh/chapters/__latexindent_temp_chapter02.tex
INFO:  Processing switches:
       -y|--yaml: YAML settings specified via command line
       -c|--cruft: cruft directory
INFO:  Directory for backup files and log file d:\Thanh\LaTex\LuanVanPThanh\indent.log:
       d:\Thanh\LaTex\LuanVanPThanh\
INFO:  Perl modules are being loaded from the following directories:
       D:/Strawberry/perl/lib/FindBin.pm
       D:/Strawberry/perl/vendor/lib/YAML/Tiny.pm
       D:/Strawberry/perl/lib/File/Copy.pm
       D:/Strawberry/perl/lib/File/Basename.pm
       D:/Strawberry/perl/lib/Getopt/Long.pm
       D:/Strawberry/perl/vendor/lib/File/HomeDir.pm
INFO:  LatexIndent perl modules are being loaded from, for example:
       D:/LaTex/scripts/latexindent/LatexIndent/Document.pm
INFO:  YAML settings read: defaultSettings.yaml
       Reading defaultSettings.yaml from D:/LaTex/scripts/latexindent/defaultSettings.yaml
INFO:  YAML reading settings
       Home directory is C:\Users\Admin
       latexindent.pl didn't find indentconfig.yaml or .indentconfig.yaml
       see all possible locations: https://latexindentpl.readthedocs.io/en/latest/sec-appendices.html#indentconfig-options)
INFO:  YAML settings read: -y switch
       YAML setting: defaultIndent:'\t'
       single-quoted string found in -y switch: '\t', substitute to 	
       Updating mainSettings with defaultIndent: 	
INFO:  Phase 1: searching for objects
INFO:  Phase 2: finding surrounding indentation
INFO:  Phase 3: indenting objects
INFO:  Phase 4: final indentation check
INFO:  Output routine:
       Not outputting to file; see -w and -o switches for more options.
       --------------
INFO:  Please direct all communication/issues to:
        https://github.com/cmhughes/latexindent.pl
