\BOOKMARK [0][-]{chapter.1}{\376\377\000=\000G\000I\036\332\000I\000\040\000T\000H\000I\036\306\000U}{}% 1
\BOOKMARK [1][-]{section.1.1}{\376\377\001\020\036\267\000t\000\040\000v\036\245\000n\000\040\001\021\036\301}{chapter.1}% 2
\BOOKMARK [1][-]{section.1.2}{\376\377\000M\036\345\000c\000\040\000t\000i\000\352\000u\000\040\000c\036\347\000a\000\040\001\021\036\301\000\040\000t\000\340\000i}{chapter.1}% 3
\BOOKMARK [1][-]{section.1.3}{\376\377\000P\000h\036\241\000m\000\040\000v\000i\000\040\000c\036\347\000a\000\040\000l\000u\036\255\000n\000\040\000v\001\003\000n}{chapter.1}% 4
\BOOKMARK [1][-]{section.1.4}{\376\377\000B\036\321\000\040\000c\036\345\000c\000\040\000l\000u\036\255\000n\000\040\000v\001\003\000n}{chapter.1}% 5
\BOOKMARK [0][-]{chapter.2}{\376\377\000=\000C\001\240\000\040\000S\036\336\000\040\000L\000\335\000\040\000T\000H\000U\000Y\036\276\000T}{}% 6
\BOOKMARK [1][-]{section.2.1}{\376\377\000C\000\341\000c\000\040\000n\000g\000h\000i\000\352\000n\000\040\000c\036\351\000u\000\040\000l\000i\000\352\000n\000\040\000q\000u\000a\000n}{chapter.2}% 7
\BOOKMARK [1][-]{section.2.2}{\376\377\000T\000h\036\313\000\040\000g\000i\000\341\000c\000\040\000m\000\341\000y\000\040\000t\000\355\000n\000h}{chapter.2}% 8
\BOOKMARK [1][-]{section.2.3}{\376\377\000M\036\241\000n\000g\000\040\000n\001\241\000-\000r\000o\000n\000\040\000t\000\355\000c\000h\000\040\000c\000h\036\255\000p\000\040}{chapter.2}% 9
\BOOKMARK [2][-]{subsection.2.3.1}{\376\377\000L\036\333\000p\000\040\000t\000\355\000c\000h\000\040\000c\000h\036\255\000p}{section.2.3}% 10
\BOOKMARK [2][-]{subsection.2.3.2}{\376\377\000H\000\340\000m\000\040\000k\000\355\000c\000h\000\040\000h\000o\036\241\000t}{section.2.3}% 11
\BOOKMARK [2][-]{subsection.2.3.3}{\376\377\000L\036\333\000p\000\040\000g\036\331\000p\000\040\000\050\000P\000o\000l\000l\000i\000n\000g\000\051\000\040\000v\000\340\000\040\000L\036\333\000p\000\040\000k\036\277\000t\000\040\000h\036\343\000p\000\040\001\021\036\247\000y\000\040\001\021\036\347\000\050\000F\000u\000l\000l\000y\000\040\000C\000o\000n\000n\000e\000c\000t\000e\000d\000\040\000L\000a\000y\000e\000r\000\051}{section.2.3}% 12
\BOOKMARK [1][-]{section.2.4}{\376\377\000P\000h\000\341\000t\000\040\000h\000i\036\307\000n\000\040\001\021\036\321\000i\000\040\000t\001\260\036\343\000n\000g}{chapter.2}% 13
\BOOKMARK [2][-]{subsection.2.4.1}{\376\377\000T\000h\000u\036\255\000t\000\040\000t\000o\000\341\000n\000\040\000H\000i\000s\000t\000r\000o\000g\000r\000a\000m\000\040\000o\000f\000\040\000o\000r\000i\000e\000n\000t\000e\000d\000\040\000g\000r\000a\000d\000i\000e\000n\000t\000\040\000\050\000H\000O\000G\000\051}{section.2.4}% 14
\BOOKMARK [1][-]{section.2.5}{\376\377\000C\000\341\000c\000\040\000m\000\364\000\040\000h\000\354\000n\000h\000\040\000p\000h\000\341\000t\000\040\000h\000i\036\307\000n\000\040\001\021\036\321\000i\000\040\000t\001\260\036\343\000n\000g\000\040\000h\000a\000i\000\040\000g\000i\000a\000i\000\040\001\021\000o\036\241\000n\000\040}{chapter.2}% 15
\BOOKMARK [2][-]{subsection.2.5.1}{\376\377\000M\000\364\000\040\000h\000\354\000n\000h\000\040\000R\000-\000C\000N\000N}{section.2.5}% 16
\BOOKMARK [2][-]{subsection.2.5.2}{\376\377\000M\000\364\000\040\000h\000\354\000n\000h\000\040\000F\000a\000s\000t\000\040\000R\000-\000C\000N\000N}{section.2.5}% 17
\BOOKMARK [2][-]{subsection.2.5.3}{\376\377\000M\000\364\000\040\000h\000\354\000n\000h\000\040\000F\000a\000s\000t\000e\000r\000\040\000R\000-\000C\000N\000N}{section.2.5}% 18
\BOOKMARK [1][-]{section.2.6}{\376\377\000C\000\341\000c\000\040\000m\000\364\000\040\000h\000\354\000n\000h\000\040\000p\000h\000\341\000t\000\040\000h\000i\036\307\000n\000\040\001\021\036\321\000i\000\040\000t\001\260\036\343\000n\000g\000\040\000m\036\331\000t\000\040\000g\000i\000a\000i\000\040\001\021\000o\036\241\000n}{chapter.2}% 19
\BOOKMARK [2][-]{subsection.2.6.1}{\376\377\000M\000\364\000\040\000h\000\354\000n\000h\000\040\000Y\000O\000L\000O}{section.2.6}% 20
\BOOKMARK [2][-]{subsection.2.6.2}{\376\377\000M\000\364\000\040\000h\000\354\000n\000h\000\040\000S\000S\000D}{section.2.6}% 21
\BOOKMARK [2][-]{subsection.2.6.3}{\376\377\000M\000\364\000\040\000h\000\354\000n\000h\000\040\000R\000e\000t\000i\000n\000a\000N\000e\000t}{section.2.6}% 22
\BOOKMARK [1][-]{section.2.7}{\376\377\000C\000\341\000c\000\040\000p\000h\001\260\001\241\000n\000g\000\040\000p\000h\000\341\000p\000\040\001\021\000\341\000n\000h\000\040\000g\000i\000\341\000\040\000m\000\364\000\040\000h\000\354\000n\000h}{chapter.2}% 23
\BOOKMARK [2][-]{subsection.2.7.1}{\376\377\000P\000h\001\260\001\241\000n\000g\000\040\000p\000h\000\341\000p\000\040\001\021\000\341\000n\000h\000\040\000g\000i\000\341\000\040\000I\000o\000U\000\040\000\050\000I\000n\000t\000e\000r\000s\000e\000c\000t\000i\000o\000n\000\040\000o\000v\000e\000r\000\040\000U\000n\000i\000o\000n\000\051}{section.2.7}% 24
\BOOKMARK [2][-]{subsection.2.7.2}{\376\377\000P\000h\001\260\001\241\000n\000g\000\040\000p\000h\000\341\000p\000\040\001\021\000\341\000n\000h\000\040\000g\000i\000\341\000\040\001\021\036\331\000\040\000c\000h\000\355\000n\000h\000\040\000x\000\341\000c\000,\000\040\001\021\036\331\000\040\000n\000h\036\241\000y\000,\000\040\001\021\036\331\000\040\000c\000h\000\355\000n\000h\000\040\000x\000\341\000c\000\040\000t\000r\000u\000n\000g\000\040\000b\000\354\000n\000h}{section.2.7}% 25
\BOOKMARK [2][-]{subsection.2.7.3}{\376\377\000P\000h\001\260\001\241\000n\000g\000\040\000p\000h\000\341\000p\000\040\001\021\000\341\000n\000h\000\040\000g\000i\000\341\000\040\000b\036\261\000n\000g\000\040\000t\036\321\000c\000\040\001\021\036\331\000,\000\040\000t\000h\000\364\000n\000g\000\040\000s\036\321\000,\000\040\001\021\036\331\000\040\000l\036\333\000n\000\040\000c\036\347\000a\000\040\000m\000\364\000\040\000h\000\354\000n\000h}{section.2.7}% 26
\BOOKMARK [0][-]{chapter.3}{\376\377\000=\000P\000H\001\257\001\240\000N\000G\000\040\000P\000H\000\301\000P\000\040\000N\000G\000H\000I\000\312\000N\000\040\000C\036\350\000U}{}% 27
\BOOKMARK [1][-]{section.3.1}{\376\377\000T\036\255\000p\000\040\000d\036\357\000\040\000l\000i\036\307\000u}{chapter.3}% 28
\BOOKMARK [2][-]{subsection.3.1.1}{\376\377\000T\000r\000a\000s\000h\000N\000e\000t}{section.3.1}% 29
\BOOKMARK [2][-]{subsection.3.1.2}{\376\377\000T\000a\000c\000o}{section.3.1}% 30
\BOOKMARK [2][-]{subsection.3.1.3}{\376\377\000D\036\357\000\040\000l\000i\036\307\000u\000\040\000t\036\361\000\040\000t\000h\000u\000\040\000t\000h\036\255\000p}{section.3.1}% 31
\BOOKMARK [2][-]{subsection.3.1.4}{\376\377\000D\036\357\000\040\000l\000i\036\307\000u\000\040\000s\036\355\000\040\000d\036\345\000n\000g\000\040\000c\000h\000o\000\040\000m\000\364\000\040\000h\000\354\000n\000h}{section.3.1}% 32
\BOOKMARK [1][-]{section.3.2}{\376\377\000C\000\341\000c\000\040\000m\000\364\000\040\000h\000\354\000n\000h\000\040\000s\036\355\000\040\000d\036\345\000n\000g}{chapter.3}% 33
\BOOKMARK [2][-]{subsection.3.2.1}{\376\377\000M\000\364\000\040\000h\000\354\000n\000h\000\040\000Y\000o\000l\000o\000v\0007}{section.3.2}% 34
\BOOKMARK [2][-]{subsection.3.2.2}{\376\377\000M\000\364\000\040\000h\000\354\000n\000h\000\040\000Y\000o\000l\000o\000v\0008}{section.3.2}% 35
\BOOKMARK [2][-]{subsection.3.2.3}{\376\377\000M\000\364\000\040\000h\000\354\000n\000h\000\040\000S\000S\000D\000\040\000M\000o\000b\000i\000l\000e\000N\000e\000t\000v\0002}{section.3.2}% 36
\BOOKMARK [1][-]{section.3.3}{\376\377\000S\001\241\000\040\001\021\036\323\000\040\000h\036\307\000\040\000t\000h\036\321\000n\000g}{chapter.3}% 37
\BOOKMARK [0][-]{chapter.4}{\376\377\000=\000K\036\276\000T\000\040\000Q\000U\036\242\000\040\000T\000H\036\360\000C\000\040\000N\000G\000H\000I\036\306\000M\000\040\000V\000\300\000\040\000T\000H\036\242\000O\000\040\000L\000U\036\254\000N}{}% 38
\BOOKMARK [1][-]{section.4.1}{\376\377\000T\000h\036\361\000c\000\040\000n\000g\000h\000i\036\307\000m\000\040\0001\000\040\000-\000\040\001\020\000\341\000n\000h\000\040\000g\000i\000\341\000\040\000m\000\364\000\040\000h\000\354\000n\000h\000\040\000d\036\361\000a\000\040\000v\000\340\000o\000\040\000p\000h\000\341\000t\000\040\000h\000i\036\307\000n\000\040\000r\000\341\000c}{chapter.4}% 39
\BOOKMARK [1][-]{section.4.2}{\376\377\000T\000h\036\361\000c\000\040\000n\000g\000h\000i\036\307\000m\000\040\0002\000\040\000v\000\340\000\040\0003\000\040\000-\000\040\001\020\000\341\000n\000h\000\040\000g\000i\000\341\000\040\000m\000\364\000\040\000h\000\354\000n\000h\000\040\000d\036\361\000a\000\040\000v\000\340\000o\000\040\000p\000h\000\341\000t\000\040\000h\000i\036\307\000n\000\040\000v\000\340\000\040\000p\000h\000\342\000n\000\040\000l\000o\036\241\000i\000\040\000r\000\341\000c}{chapter.4}% 40
\BOOKMARK [1][-]{section.4.3}{\376\377\000T\000h\036\243\000o\000\040\000l\000u\036\255\000n}{chapter.4}% 41
\BOOKMARK [0][-]{chapter.5}{\376\377\000=\000K\036\276\000T\000\040\000L\000U\036\254\000N\000\040\000V\000\300\000\040\001\020\036\300\000\040\000X\000U\036\244\000T}{}% 42
\BOOKMARK [1][-]{section.5.1}{\376\377\000K\036\277\000t\000\040\000l\000u\036\255\000n}{chapter.5}% 43
\BOOKMARK [1][-]{section.5.2}{\376\377\000H\036\241\000n\000\040\000c\000h\036\277\000\040\000v\000\340\000\040\001\021\036\301\000\040\000x\000u\036\245\000t}{chapter.5}% 44
\BOOKMARK [2][-]{subsection.5.2.1}{\376\377\000H\036\241\000n\000\040\000c\000h\036\277}{section.5.2}% 45
\BOOKMARK [2][-]{subsection.5.2.2}{\376\377\001\020\036\301\000\040\000x\000u\036\245\000t}{section.5.2}% 46
