\BOOKMARK [1][-]{section.0.1}{\376\377\000C\000\341\000c\000\040\000n\000g\000h\000i\000\352\000n\000\040\000c\036\351\000u\000\040\000l\000i\000\352\000n\000\040\000q\000u\000a\000n}{}% 1
\BOOKMARK [1][-]{section.0.2}{\376\377\000T\000h\036\313\000\040\000g\000i\000\341\000c\000\040\000m\000\341\000y\000\040\000t\000\355\000n\000h}{}% 2
\BOOKMARK [1][-]{section.0.3}{\376\377\000M\036\241\000n\000g\000\040\000n\001\241\000-\000r\000o\000n\000\040\000t\000\355\000c\000h\000\040\000c\000h\036\255\000p\000\040}{}% 3
\BOOKMARK [2][-]{subsection.0.3.1}{\376\377\000L\036\333\000p\000\040\000t\000\355\000c\000h\000\040\000c\000h\036\255\000p}{section.0.3}% 4
\BOOKMARK [2][-]{subsection.0.3.2}{\376\377\000H\000\340\000m\000\040\000k\000\355\000c\000h\000\040\000h\000o\036\241\000t}{section.0.3}% 5
\BOOKMARK [2][-]{subsection.0.3.3}{\376\377\000L\036\333\000p\000\040\000g\036\331\000p\000\040\000\050\000P\000o\000l\000l\000i\000n\000g\000\051\000\040\000v\000\340\000\040\000L\036\333\000p\000\040\000k\036\277\000t\000\040\000h\036\343\000p\000\040\001\021\036\247\000y\000\040\001\021\036\347\000\050\000F\000u\000l\000l\000y\000\040\000C\000o\000n\000n\000e\000c\000t\000e\000d\000\040\000L\000a\000y\000e\000r\000\051}{section.0.3}% 6
\BOOKMARK [1][-]{section.0.4}{\376\377\000P\000h\000\341\000t\000\040\000h\000i\036\307\000n\000\040\001\021\036\321\000i\000\040\000t\001\260\036\343\000n\000g}{}% 7
\BOOKMARK [2][-]{subsection.0.4.1}{\376\377\000T\000h\000u\036\255\000t\000\040\000t\000o\000\341\000n\000\040\000H\000i\000s\000t\000r\000o\000g\000r\000a\000m\000\040\000o\000f\000\040\000o\000r\000i\000e\000n\000t\000e\000d\000\040\000g\000r\000a\000d\000i\000e\000n\000t\000\040\000\050\000H\000O\000G\000\051}{section.0.4}% 8
\BOOKMARK [1][-]{section.0.5}{\376\377\000C\000\341\000c\000\040\000m\000\364\000\040\000h\000\354\000n\000h\000\040\000p\000h\000\341\000t\000\040\000h\000i\036\307\000n\000\040\001\021\036\321\000i\000\040\000t\001\260\036\343\000n\000g\000\040\000h\000a\000i\000\040\000g\000i\000a\000i\000\040\001\021\000o\036\241\000n\000\040}{}% 9
\BOOKMARK [2][-]{subsection.0.5.1}{\376\377\000M\000\364\000\040\000h\000\354\000n\000h\000\040\000R\000-\000C\000N\000N}{section.0.5}% 10
\BOOKMARK [2][-]{subsection.0.5.2}{\376\377\000M\000\364\000\040\000h\000\354\000n\000h\000\040\000F\000a\000s\000t\000\040\000R\000-\000C\000N\000N}{section.0.5}% 11
\BOOKMARK [2][-]{subsection.0.5.3}{\376\377\000M\000\364\000\040\000h\000\354\000n\000h\000\040\000F\000a\000s\000t\000\040\000R\000-\000C\000N\000N}{section.0.5}% 12
\BOOKMARK [1][-]{section.0.6}{\376\377\000C\000\341\000c\000\040\000m\000\364\000\040\000h\000\354\000n\000h\000\040\000p\000h\000\341\000t\000\040\000h\000i\036\307\000n\000\040\001\021\036\321\000i\000\040\000t\001\260\036\343\000n\000g\000\040\000m\036\331\000t\000\040\000g\000i\000a\000i\000\040\001\021\000o\036\241\000n}{}% 13
\BOOKMARK [2][-]{subsection.0.6.1}{\376\377\000M\000\364\000\040\000h\000\354\000n\000h\000\040\000Y\000o\000l\000o}{section.0.6}% 14
\BOOKMARK [2][-]{subsection.0.6.2}{\376\377\000M\000\364\000\040\000h\000\354\000n\000h\000\040\000S\000S\000D}{section.0.6}% 15
\BOOKMARK [2][-]{subsection.0.6.3}{\376\377\000M\000\364\000\040\000h\000\354\000n\000h\000\040\000R\000e\000t\000i\000n\000a\000N\000e\000t}{section.0.6}% 16
\BOOKMARK [1][-]{section.0.7}{\376\377\000C\000\341\000c\000\040\000p\000h\001\260\001\241\000n\000g\000\040\000p\000h\000\341\000p\000\040\001\021\000\341\000n\000h\000\040\000g\000i\000\341\000\040\000m\000\364\000\040\000h\000\354\000n\000h}{}% 17
\BOOKMARK [2][-]{subsection.0.7.1}{\376\377\000P\000h\001\260\001\241\000n\000g\000\040\000p\000h\000\341\000p\000\040\001\021\000\341\000n\000h\000\040\000g\000i\000\341\000\040\000I\000o\000U\000\040\000\050\000I\000n\000t\000e\000r\000s\000e\000c\000t\000i\000o\000n\000\040\000o\000v\000e\000r\000\040\000U\000n\000i\000o\000n\000\051}{section.0.7}% 18
\BOOKMARK [2][-]{subsection.0.7.2}{\376\377\000P\000h\001\260\001\241\000n\000g\000\040\000p\000h\000\341\000p\000\040\001\021\000\341\000n\000h\000\040\000g\000i\000\341\000\040\001\021\036\331\000\040\000c\000h\000\355\000n\000h\000\040\000x\000\341\000c\000,\000\040\001\021\036\331\000\040\000n\000h\036\241\000y\000,\000\040\001\021\036\331\000\040\000c\000h\000\355\000n\000h\000\040\000x\000\341\000c\000\040\000t\000r\000u\000n\000g\000\040\000b\000\354\000n\000h}{section.0.7}% 19
\BOOKMARK [2][-]{subsection.0.7.3}{\376\377\000P\000h\001\260\001\241\000n\000g\000\040\000p\000h\000\341\000p\000\040\001\021\000\341\000n\000h\000\040\000g\000i\000\341\000\040\000b\036\261\000n\000g\000\040\000t\036\321\000c\000\040\001\021\036\331\000,\000\040\000t\000h\000\364\000n\000g\000\040\000s\036\321\000,\000\040\001\021\036\331\000\040\000l\036\333\000n\000\040\000c\036\347\000a\000\040\000m\000\364\000\040\000h\000\354\000n\000h}{section.0.7}% 20
